<?xml version="1.0" encoding="UTF-8"?>
<testsuite name="QRCodeApiTest" tests="1" skipped="0" failures="0" errors="0" timestamp="2025-03-09T14:56:01" hostname="RTEI-DIG-15" time="2.227">
  <properties/>
  <testcase name="start" classname="QRCodeApiTest" time="2.227"/>
  <system-out><![CDATA[?[1;31m
Start test 1?[0m
?[0;34m
?[0m?[0;34m  .   ____          _            __ _ _
?[0m?[0;34m /\\ / ___'_ __ _ _(_)_ __  __ _ \ \ \ \
?[0m?[0;34m( ( )\___ | '_ | '_| | '_ \/ _` | \ \ \ \
?[0m?[0;34m \\/  ___)| |_)| | | | | || (_| |  ) ) ) )
?[0m?[0;34m  '  |____| .__|_| |_|_| |_\__, | / / / /
?[0m?[0;34m =========|_|==============|___/=/_/_/_/
?[0m?[0;34m :: Spring Boot ::                (v3.2.0)
?[0m?[0;34m
?[0m?[0;34m2025-03-09T15:56:02.362+01:00  INFO 2603831 --- [    Test worker] qrcodeapi.Application                    : Starting Application using Java 21.0.3 with PID 2603831 (started by ndiaye in /home/ndiaye/Projects/HyperSkill/QRCode Service/QRCode Service/task)
?[0m?[0;34m2025-03-09T15:56:02.365+01:00  INFO 2603831 --- [    Test worker] qrcodeapi.Application                    : No active profile set, falling back to 1 default profile: "default"
?[0m?[0;34m2025-03-09T15:56:03.140+01:00  INFO 2603831 --- [    Test worker] o.s.b.w.embedded.tomcat.TomcatWebServer  : Tomcat initialized with port 8181 (http)
?[0m?[0;34m2025-03-09T15:56:03.147+01:00  INFO 2603831 --- [    Test worker] o.apache.catalina.core.StandardService   : Starting service [Tomcat]
?[0m?[0;34m2025-03-09T15:56:03.148+01:00  INFO 2603831 --- [    Test worker] o.apache.catalina.core.StandardEngine    : Starting Servlet engine: [Apache Tomcat/10.1.16]
?[0m?[0;34m2025-03-09T15:56:03.179+01:00  INFO 2603831 --- [    Test worker] o.a.c.c.C.[Tomcat].[localhost].[/]       : Initializing Spring embedded WebApplicationContext
?[0m?[0;34m2025-03-09T15:56:03.180+01:00  INFO 2603831 --- [    Test worker] w.s.c.ServletWebServerApplicationContext : Root WebApplicationContext: initialization completed in 784 ms
?[0m?[0;34m2025-03-09T15:56:03.620+01:00  INFO 2603831 --- [    Test worker] o.s.b.a.e.web.EndpointLinksResolver      : Exposing 1 endpoint(s) beneath base path '/actuator'
?[0m?[0;34m2025-03-09T15:56:03.661+01:00  INFO 2603831 --- [    Test worker] o.s.b.w.embedded.tomcat.TomcatWebServer  : Tomcat started on port 8181 (http) with context path ''
?[0m?[0;34m2025-03-09T15:56:03.671+01:00  INFO 2603831 --- [    Test worker] qrcodeapi.Application                    : Started Application in 1.568 seconds (process running for 2.039)
?[0;34m2025-03-09T15:56:03.891+01:00  INFO 2603831 --- [nio-8181-exec-1] o.a.c.c.C.[Tomcat].[localhost].[/]       : Initializing Spring DispatcherServlet 'dispatcherServlet'
?[0m?[0;34m2025-03-09T15:56:03.892+01:00  INFO 2603831 --- [nio-8181-exec-1] o.s.web.servlet.DispatcherServlet        : Initializing Servlet 'dispatcherServlet'
?[0m?[0;34m2025-03-09T15:56:03.893+01:00  INFO 2603831 --- [nio-8181-exec-1] o.s.web.servlet.DispatcherServlet        : Completed initialization in 1 ms
?[0m?[1;31m
Start test 2?[0m
?[1;31m
Start test 3?[0m
?[1;31m
Start test 4?[0m
?[1;31m
Start test 5?[0m
?[1;31m
Start test 6?[0m
?[1;31m
Start test 7?[0m
?[1;31m
Start test 8?[0m
?[1;31m
Start test 9?[0m
?[1;31m
Start test 10?[0m
?[1;31m
Start test 11?[0m
?[1;31m
Start test 12?[0m
?[1;31m
Start test 13?[0m
?[1;31m
Start test 14?[0m
?[1;31m
Start test 15?[0m
?[1;31m
Start test 16?[0m
?[1;31m
Start test 17?[0m
]]></system-out>
  <system-err><![CDATA[]]></system-err>
</testsuite>
